<?xml version="1.0" encoding="UTF-8"?>
<!-- Generated by org.testng.reporters.JUnitXMLReporter -->
<testsuite hostname="wvh154" ignored="0" name="FREE CRM App Test Cases" tests="9" failures="0" timestamp="30 Dec 2019 08:28:49 GMT" time="345.972" errors="0">
  <testcase name="validateNewContact" time="15.114" classname="com.crm.qa.testcases.ContactPageTest"/>
  <testcase name="validateNewContact" time="13.63" classname="com.crm.qa.testcases.ContactPageTest"/>
  <testcase name="validateNewContact" time="14.029" classname="com.crm.qa.testcases.ContactPageTest"/>
  <testcase name="verifyContactsLinkTest" time="3.879" classname="com.crm.qa.testcases.HomePageTest"/>
  <testcase name="loginPageTitleTest" time="0.585" classname="com.crm.qa.testcases.LoginTest"/>
  <testcase name="verifyHomePageTitleTest" time="0.026" classname="com.crm.qa.testcases.HomePageTest"/>
  <testcase name="validationCRMImageTest" time="0.766" classname="com.crm.qa.testcases.LoginTest"/>
  <testcase name="verifyUserNameTest" time="2.78" classname="com.crm.qa.testcases.HomePageTest"/>
  <testcase name="loginTest" time="15.107" classname="com.crm.qa.testcases.LoginTest"/>
</testsuite> <!-- FREE CRM App Test Cases -->
