<?xml version="1.0" encoding="UTF-8"?>
<!-- Generated by org.testng.reporters.JUnitXMLReporter -->
<testsuite hostname="wvh154" ignored="0" name="Default test" tests="3" failures="0" timestamp="29 Dec 2019 15:19:14 GMT" time="68.611" errors="0">
  <testcase name="loginPageTitleTest" time="0.854" classname="com.crm.qa.testcases.LoginTest"/>
  <testcase name="validationCRMImageTest" time="0.965" classname="com.crm.qa.testcases.LoginTest"/>
  <testcase name="loginTest" time="20.421" classname="com.crm.qa.testcases.LoginTest"/>
</testsuite> <!-- Default test -->
